**********************
Início da transcrição do Windows PowerShell
Hora de início: 20260507080003
Nome de Usuário: AXSENERGIA\rodolfo.crotti
Executar como Usuário: AXSENERGIA\rodolfo.crotti
Nome da Configuração: 
Computador: AXS-97JWCD4 (Microsoft Windows NT 10.0.26200.0)
Aplicativo Host: powershell.exe -NoProfile -ExecutionPolicy Bypass -File C:\Users\rodolfo.crotti\OneDrive - AXS ENERGIA S A\Documents\Desenvolvimento\Cálculo da dívida\dash_v2\atualizar_dashboard.ps1
ID do Processo: 26316
PSVersion: 5.1.26100.8115
PSEdition: Desktop
PSCompatibleVersions: 1.0, 2.0, 3.0, 4.0, 5.0, 5.1.26100.8115
BuildVersion: 10.0.26100.8115
CLRVersion: 4.0.30319.42000
WSManStackVersion: 3.0
PSRemotingProtocolVersion: 2.3
SerializationVersion: 1.1.0.1
**********************
[07/05/2026 08:00:03] Iniciando atualizacao do dashboard...
  File "C:\Users\rodolfo.crotti\OneDrive - AXS ENERGIA S A\Documents\Desenvolvimento\Cálculo da dívida\dash_v2\Code fina
l prontos\axs01_refi_v1.py", line 258, in obter_bytes_url
    with urlopen(req, timeout=timeout, context=ctx) as resp:
         ~~~~~~~^^^^^^^^^^^^^^^^^^^^^^^^^^^^^^^^^^^
  File "C:\Program Files\WindowsApps\PythonSoftwareFoundation.Python.3.13_3.13.3568.0_x64__qbz5n2kfra8p0\Lib\urllib\requ
est.py", line 189, in urlopen
    return opener.open(url, data, timeout)
           ~~~~~~~~~~~^^^^^^^^^^^^^^^^^^^^
  File "C:\Program Files\WindowsApps\PythonSoftwareFoundation.Python.3.13_3.13.3568.0_x64__qbz5n2kfra8p0\Lib\urllib\requ
est.py", line 489, in open
    response = self._open(req, data)
  File "C:\Program Files\WindowsApps\PythonSoftwareFoundation.Python.3.13_3.13.3568.0_x64__qbz5n2kfra8p0\Lib\urllib\requ
est.py", line 506, in _open
    result = self._call_chain(self.handle_open, protocol, protocol +
                              '_open', req)
  File "C:\Program Files\WindowsApps\PythonSoftwareFoundation.Python.3.13_3.13.3568.0_x64__qbz5n2kfra8p0\Lib\urllib\requ
est.py", line 466, in _call_chain
    result = func(*args)
  File "C:\Program Files\WindowsApps\PythonSoftwareFoundation.Python.3.13_3.13.3568.0_x64__qbz5n2kfra8p0\Lib\urllib\requ
est.py", line 1367, in https_open
    return self.do_open(http.client.HTTPSConnection, req,
           ~~~~~~~~~~~~^^^^^^^^^^^^^^^^^^^^^^^^^^^^^^^^^^
                        context=self._context)
                        ^^^^^^^^^^^^^^^^^^^^^^
  File "C:\Program Files\WindowsApps\PythonSoftwareFoundation.Python.3.13_3.13.3568.0_x64__qbz5n2kfra8p0\Lib\urllib\requ
est.py", line 1322, in do_open
    raise URLError(err)
urllib.error.URLError: <urlopen error [Errno 11001] getaddrinfo failed>
