**********************
Início da transcrição do Windows PowerShell
Hora de início: 20260506125226
Nome de Usuário: AXSENERGIA\rodolfo.crotti
Executar como Usuário: AXSENERGIA\rodolfo.crotti
Nome da Configuração: 
Computador: AXS-97JWCD4 (Microsoft Windows NT 10.0.26200.0)
Aplicativo Host: powershell.exe -NoProfile -ExecutionPolicy Bypass -File C:\Users\rodolfo.crotti\OneDrive - AXS ENERGIA S A\Documents\Desenvolvimento\Cálculo da dívida\dash_v2\atualizar_dashboard.ps1
ID do Processo: 15696
PSVersion: 5.1.26100.8115
PSEdition: Desktop
PSCompatibleVersions: 1.0, 2.0, 3.0, 4.0, 5.0, 5.1.26100.8115
BuildVersion: 10.0.26100.8115
CLRVersion: 4.0.30319.42000
WSManStackVersion: 3.0
PSRemotingProtocolVersion: 2.3
SerializationVersion: 1.1.0.1
**********************
[06/05/2026 12:52:26] Iniciando atualizacao do dashboard...
Build estatico concluido.
Arquivos publicados em: C:\Users\rodolfo.crotti\OneDrive - AXS ENERGIA S A\Documents\Desenvolvimento\Cálculo da dívida\d
ash_v2\docs
warning: in the working copy of 'atualizar_dashboard.ps1', LF will be replaced by CRLF the next time Git touches it
[main caad2f1] Atualiza calculos automaticos do dashboard - 2026-05-06 12:53
 42 files changed, 136 insertions(+), 80 deletions(-)
 create mode 100644 atualizar_dashboard.ps1
 create mode 100644 logs/atualizacao-dashboard-2026-05-06.log
Enumerating objects: 50, done.
Counting objects: 100% (50/50), done.
Delta compression using up to 14 threads
Compressing objects: 100% (28/28), done.
Writing objects: 100% (28/28), 50.70 KiB | 2.20 MiB/s, done.
Total 28 (delta 22), reused 0 (delta 0), pack-reused 0 (from 0)
remote: Resolving deltas: 100% (22/22), completed with 20 local objects.
To https://github.com/rodolfo543/Divida_v3.git
   3484fd4..caad2f1  main -> main
Atualizacao concluida e enviada ao GitHub.
**********************
Fim da transcrição do Windows PowerShell
Hora de término: 20260506125329
**********************
